2025/02/22 16:22:00 [error] [exception.CHttpException.404] CHttpException: The system is unable to find the requested action "search". in C:\xampp\htdocs\yii-blog\framework\web\CController.php:486
Stack trace:
#0 C:\xampp\htdocs\yii-blog\framework\web\CController.php(270): CController->missingAction('search')
#1 C:\xampp\htdocs\yii-blog\framework\web\CWebApplication.php(282): CController->run('search')
#2 C:\xampp\htdocs\yii-blog\framework\web\CWebApplication.php(141): CWebApplication->runController('site/search')
#3 C:\xampp\htdocs\yii-blog\framework\base\CApplication.php(185): CWebApplication->processRequest()
#4 C:\xampp\htdocs\yii-blog\blog-app\index.php(13): CApplication->run()
#5 {main}
REQUEST_URI=/yii-blog/blog-app/index.php?r=site/search
---
2025/02/22 16:35:26 [warning] [application] Failed to set unsafe attribute "searchKeyword" of "Post".
in C:\xampp\htdocs\yii-blog\blog-app\protected\controllers\PostController.php (24)
in C:\xampp\htdocs\yii-blog\blog-app\index.php (13)
2025/02/22 16:35:36 [warning] [application] Failed to set unsafe attribute "searchKeyword" of "Post".
in C:\xampp\htdocs\yii-blog\blog-app\protected\controllers\PostController.php (24)
in C:\xampp\htdocs\yii-blog\blog-app\index.php (13)
2025/02/22 16:35:39 [warning] [application] Failed to set unsafe attribute "searchKeyword" of "Post".
in C:\xampp\htdocs\yii-blog\blog-app\protected\controllers\PostController.php (24)
in C:\xampp\htdocs\yii-blog\blog-app\index.php (13)
2025/02/22 16:35:50 [warning] [application] Failed to set unsafe attribute "searchKeyword" of "Post".
in C:\xampp\htdocs\yii-blog\blog-app\protected\controllers\PostController.php (24)
in C:\xampp\htdocs\yii-blog\blog-app\index.php (13)
2025/02/22 16:36:11 [warning] [application] Failed to set unsafe attribute "searchKeyword" of "Post".
in C:\xampp\htdocs\yii-blog\blog-app\protected\controllers\PostController.php (24)
in C:\xampp\htdocs\yii-blog\blog-app\index.php (13)
2025/02/22 16:50:56 [error] [exception.CException] CException: PostController cannot find the requested view "userPost". in C:\xampp\htdocs\yii-blog\framework\web\CController.php:881
Stack trace:
#0 C:\xampp\htdocs\yii-blog\framework\web\CController.php(785): CController->renderPartial('userPost', Array, true)
#1 C:\xampp\htdocs\yii-blog\blog-app\protected\controllers\PostController.php(78): CController->render('userPost', Array)
#2 C:\xampp\htdocs\yii-blog\framework\web\actions\CInlineAction.php(49): PostController->actionCreate()
#3 C:\xampp\htdocs\yii-blog\framework\web\CController.php(308): CInlineAction->runWithParams(Array)
#4 C:\xampp\htdocs\yii-blog\framework\web\filters\CFilterChain.php(134): CController->runAction(Object(CInlineAction))
#5 C:\xampp\htdocs\yii-blog\framework\web\filters\CFilter.php(40): CFilterChain->run()
#6 C:\xampp\htdocs\yii-blog\framework\web\CController.php(1148): CFilter->filter(Object(CFilterChain))
#7 C:\xampp\htdocs\yii-blog\framework\web\filters\CInlineFilter.php(58): CController->filterAccessControl(Object(CFilterChain))
#8 C:\xampp\htdocs\yii-blog\framework\web\filters\CFilterChain.php(131): CInlineFilter->filter(Object(CFilterChain))
#9 C:\xampp\htdocs\yii-blog\framework\web\CController.php(291): CFilterChain->run()
#10 C:\xampp\htdocs\yii-blog\framework\web\CController.php(265): CController->runActionWithFilters(Object(CInlineAction), Array)
#11 C:\xampp\htdocs\yii-blog\framework\web\CWebApplication.php(282): CController->run('create')
#12 C:\xampp\htdocs\yii-blog\framework\web\CWebApplication.php(141): CWebApplication->runController('post/create')
#13 C:\xampp\htdocs\yii-blog\framework\base\CApplication.php(185): CWebApplication->processRequest()
#14 C:\xampp\htdocs\yii-blog\blog-app\index.php(13): CApplication->run()
#15 {main}
REQUEST_URI=/yii-blog/blog-app/index.php?r=post/create
HTTP_REFERER=http://localhost/yii-blog/blog-app/index.php?r=post/create
---
2025/02/22 16:51:02 [error] [exception.CException] CException: PostController cannot find the requested view "userPost". in C:\xampp\htdocs\yii-blog\framework\web\CController.php:881
Stack trace:
#0 C:\xampp\htdocs\yii-blog\framework\web\CController.php(785): CController->renderPartial('userPost', Array, true)
#1 C:\xampp\htdocs\yii-blog\blog-app\protected\controllers\PostController.php(78): CController->render('userPost', Array)
#2 C:\xampp\htdocs\yii-blog\framework\web\actions\CInlineAction.php(49): PostController->actionCreate()
#3 C:\xampp\htdocs\yii-blog\framework\web\CController.php(308): CInlineAction->runWithParams(Array)
#4 C:\xampp\htdocs\yii-blog\framework\web\filters\CFilterChain.php(134): CController->runAction(Object(CInlineAction))
#5 C:\xampp\htdocs\yii-blog\framework\web\filters\CFilter.php(40): CFilterChain->run()
#6 C:\xampp\htdocs\yii-blog\framework\web\CController.php(1148): CFilter->filter(Object(CFilterChain))
#7 C:\xampp\htdocs\yii-blog\framework\web\filters\CInlineFilter.php(58): CController->filterAccessControl(Object(CFilterChain))
#8 C:\xampp\htdocs\yii-blog\framework\web\filters\CFilterChain.php(131): CInlineFilter->filter(Object(CFilterChain))
#9 C:\xampp\htdocs\yii-blog\framework\web\CController.php(291): CFilterChain->run()
#10 C:\xampp\htdocs\yii-blog\framework\web\CController.php(265): CController->runActionWithFilters(Object(CInlineAction), Array)
#11 C:\xampp\htdocs\yii-blog\framework\web\CWebApplication.php(282): CController->run('create')
#12 C:\xampp\htdocs\yii-blog\framework\web\CWebApplication.php(141): CWebApplication->runController('post/create')
#13 C:\xampp\htdocs\yii-blog\framework\base\CApplication.php(185): CWebApplication->processRequest()
#14 C:\xampp\htdocs\yii-blog\blog-app\index.php(13): CApplication->run()
#15 {main}
REQUEST_URI=/yii-blog/blog-app/index.php?r=post/create
HTTP_REFERER=http://localhost/yii-blog/blog-app/index.php?r=post/create
---
2025/02/22 16:51:48 [error] [php] Undefined variable $dataProvider (C:\xampp\htdocs\yii-blog\blog-app\protected\views\post\userPosts.php:4)
Stack trace:
#0 C:\xampp\htdocs\yii-blog\framework\web\CBaseController.php(126): require()
#1 C:\xampp\htdocs\yii-blog\framework\web\CBaseController.php(95): PostController->renderInternal()
#2 C:\xampp\htdocs\yii-blog\framework\web\CController.php(872): PostController->renderFile()
#3 C:\xampp\htdocs\yii-blog\framework\web\CController.php(785): PostController->renderPartial()
#4 C:\xampp\htdocs\yii-blog\blog-app\protected\controllers\PostController.php(78): PostController->render()
#5 C:\xampp\htdocs\yii-blog\framework\web\actions\CInlineAction.php(49): PostController->actionCreate()
#6 C:\xampp\htdocs\yii-blog\framework\web\CController.php(308): CInlineAction->runWithParams()
#7 C:\xampp\htdocs\yii-blog\framework\web\filters\CFilterChain.php(134): PostController->runAction()
#8 C:\xampp\htdocs\yii-blog\framework\web\filters\CFilter.php(40): CFilterChain->run()
#9 C:\xampp\htdocs\yii-blog\framework\web\CController.php(1148): CAccessControlFilter->filter()
#10 C:\xampp\htdocs\yii-blog\framework\web\filters\CInlineFilter.php(58): PostController->filterAccessControl()
#11 C:\xampp\htdocs\yii-blog\framework\web\filters\CFilterChain.php(131): CInlineFilter->filter()
#12 C:\xampp\htdocs\yii-blog\framework\web\CController.php(291): CFilterChain->run()
#13 C:\xampp\htdocs\yii-blog\framework\web\CController.php(265): PostController->runActionWithFilters()
#14 C:\xampp\htdocs\yii-blog\framework\web\CWebApplication.php(282): PostController->run()
#15 C:\xampp\htdocs\yii-blog\framework\web\CWebApplication.php(141): CWebApplication->runController()
#16 C:\xampp\htdocs\yii-blog\framework\base\CApplication.php(185): CWebApplication->processRequest()
#17 C:\xampp\htdocs\yii-blog\blog-app\index.php(13): CWebApplication->run()
REQUEST_URI=/yii-blog/blog-app/index.php?r=post/create
in C:\xampp\htdocs\yii-blog\blog-app\protected\views\post\userPosts.php (4)
in C:\xampp\htdocs\yii-blog\blog-app\protected\controllers\PostController.php (78)
in C:\xampp\htdocs\yii-blog\blog-app\index.php (13)
2025/02/22 16:51:51 [error] [php] Undefined variable $dataProvider (C:\xampp\htdocs\yii-blog\blog-app\protected\views\post\userPosts.php:4)
Stack trace:
#0 C:\xampp\htdocs\yii-blog\framework\web\CBaseController.php(126): require()
#1 C:\xampp\htdocs\yii-blog\framework\web\CBaseController.php(95): PostController->renderInternal()
#2 C:\xampp\htdocs\yii-blog\framework\web\CController.php(872): PostController->renderFile()
#3 C:\xampp\htdocs\yii-blog\framework\web\CController.php(785): PostController->renderPartial()
#4 C:\xampp\htdocs\yii-blog\blog-app\protected\controllers\PostController.php(78): PostController->render()
#5 C:\xampp\htdocs\yii-blog\framework\web\actions\CInlineAction.php(49): PostController->actionCreate()
#6 C:\xampp\htdocs\yii-blog\framework\web\CController.php(308): CInlineAction->runWithParams()
#7 C:\xampp\htdocs\yii-blog\framework\web\filters\CFilterChain.php(134): PostController->runAction()
#8 C:\xampp\htdocs\yii-blog\framework\web\filters\CFilter.php(40): CFilterChain->run()
#9 C:\xampp\htdocs\yii-blog\framework\web\CController.php(1148): CAccessControlFilter->filter()
#10 C:\xampp\htdocs\yii-blog\framework\web\filters\CInlineFilter.php(58): PostController->filterAccessControl()
#11 C:\xampp\htdocs\yii-blog\framework\web\filters\CFilterChain.php(131): CInlineFilter->filter()
#12 C:\xampp\htdocs\yii-blog\framework\web\CController.php(291): CFilterChain->run()
#13 C:\xampp\htdocs\yii-blog\framework\web\CController.php(265): PostController->runActionWithFilters()
#14 C:\xampp\htdocs\yii-blog\framework\web\CWebApplication.php(282): PostController->run()
#15 C:\xampp\htdocs\yii-blog\framework\web\CWebApplication.php(141): CWebApplication->runController()
#16 C:\xampp\htdocs\yii-blog\framework\base\CApplication.php(185): CWebApplication->processRequest()
#17 C:\xampp\htdocs\yii-blog\blog-app\index.php(13): CWebApplication->run()
REQUEST_URI=/yii-blog/blog-app/index.php?r=post/create
in C:\xampp\htdocs\yii-blog\blog-app\protected\views\post\userPosts.php (4)
in C:\xampp\htdocs\yii-blog\blog-app\protected\controllers\PostController.php (78)
in C:\xampp\htdocs\yii-blog\blog-app\index.php (13)
2025/02/22 16:52:07 [error] [php] Undefined variable $dataProvider (C:\xampp\htdocs\yii-blog\blog-app\protected\views\post\userPosts.php:4)
Stack trace:
#0 C:\xampp\htdocs\yii-blog\framework\web\CBaseController.php(126): require()
#1 C:\xampp\htdocs\yii-blog\framework\web\CBaseController.php(95): PostController->renderInternal()
#2 C:\xampp\htdocs\yii-blog\framework\web\CController.php(872): PostController->renderFile()
#3 C:\xampp\htdocs\yii-blog\framework\web\CController.php(785): PostController->renderPartial()
#4 C:\xampp\htdocs\yii-blog\blog-app\protected\controllers\PostController.php(78): PostController->render()
#5 C:\xampp\htdocs\yii-blog\framework\web\actions\CInlineAction.php(49): PostController->actionCreate()
#6 C:\xampp\htdocs\yii-blog\framework\web\CController.php(308): CInlineAction->runWithParams()
#7 C:\xampp\htdocs\yii-blog\framework\web\filters\CFilterChain.php(134): PostController->runAction()
#8 C:\xampp\htdocs\yii-blog\framework\web\filters\CFilter.php(40): CFilterChain->run()
#9 C:\xampp\htdocs\yii-blog\framework\web\CController.php(1148): CAccessControlFilter->filter()
#10 C:\xampp\htdocs\yii-blog\framework\web\filters\CInlineFilter.php(58): PostController->filterAccessControl()
#11 C:\xampp\htdocs\yii-blog\framework\web\filters\CFilterChain.php(131): CInlineFilter->filter()
#12 C:\xampp\htdocs\yii-blog\framework\web\CController.php(291): CFilterChain->run()
#13 C:\xampp\htdocs\yii-blog\framework\web\CController.php(265): PostController->runActionWithFilters()
#14 C:\xampp\htdocs\yii-blog\framework\web\CWebApplication.php(282): PostController->run()
#15 C:\xampp\htdocs\yii-blog\framework\web\CWebApplication.php(141): CWebApplication->runController()
#16 C:\xampp\htdocs\yii-blog\framework\base\CApplication.php(185): CWebApplication->processRequest()
#17 C:\xampp\htdocs\yii-blog\blog-app\index.php(13): CWebApplication->run()
REQUEST_URI=/yii-blog/blog-app/index.php?r=post/create
in C:\xampp\htdocs\yii-blog\blog-app\protected\views\post\userPosts.php (4)
in C:\xampp\htdocs\yii-blog\blog-app\protected\controllers\PostController.php (78)
in C:\xampp\htdocs\yii-blog\blog-app\index.php (13)
2025/02/22 16:57:42 [error] [exception.CHttpException.403] CHttpException: You are not authorized to perform this action. in C:\xampp\htdocs\yii-blog\framework\web\auth\CAccessControlFilter.php:183
Stack trace:
#0 C:\xampp\htdocs\yii-blog\framework\web\auth\CAccessControlFilter.php(145): CAccessControlFilter->accessDenied(Object(CWebUser), 'You are not aut...')
#1 C:\xampp\htdocs\yii-blog\framework\web\filters\CFilter.php(38): CAccessControlFilter->preFilter(Object(CFilterChain))
#2 C:\xampp\htdocs\yii-blog\framework\web\CController.php(1148): CFilter->filter(Object(CFilterChain))
#3 C:\xampp\htdocs\yii-blog\framework\web\filters\CInlineFilter.php(58): CController->filterAccessControl(Object(CFilterChain))
#4 C:\xampp\htdocs\yii-blog\framework\web\filters\CFilterChain.php(131): CInlineFilter->filter(Object(CFilterChain))
#5 C:\xampp\htdocs\yii-blog\framework\web\CController.php(291): CFilterChain->run()
#6 C:\xampp\htdocs\yii-blog\framework\web\CController.php(265): CController->runActionWithFilters(Object(CInlineAction), Array)
#7 C:\xampp\htdocs\yii-blog\framework\web\CWebApplication.php(282): CController->run('update')
#8 C:\xampp\htdocs\yii-blog\framework\web\CWebApplication.php(141): CWebApplication->runController('post/update')
#9 C:\xampp\htdocs\yii-blog\framework\base\CApplication.php(185): CWebApplication->processRequest()
#10 C:\xampp\htdocs\yii-blog\blog-app\index.php(13): CApplication->run()
#11 {main}
REQUEST_URI=/yii-blog/blog-app/index.php?r=post/update&id=38
HTTP_REFERER=http://localhost/yii-blog/blog-app/index.php?r=post/index
---
2025/02/22 16:58:27 [error] [exception.CHttpException.403] CHttpException: You are not authorized to perform this action. in C:\xampp\htdocs\yii-blog\framework\web\auth\CAccessControlFilter.php:183
Stack trace:
#0 C:\xampp\htdocs\yii-blog\framework\web\auth\CAccessControlFilter.php(145): CAccessControlFilter->accessDenied(Object(CWebUser), 'You are not aut...')
#1 C:\xampp\htdocs\yii-blog\framework\web\filters\CFilter.php(38): CAccessControlFilter->preFilter(Object(CFilterChain))
#2 C:\xampp\htdocs\yii-blog\framework\web\CController.php(1148): CFilter->filter(Object(CFilterChain))
#3 C:\xampp\htdocs\yii-blog\framework\web\filters\CInlineFilter.php(58): CController->filterAccessControl(Object(CFilterChain))
#4 C:\xampp\htdocs\yii-blog\framework\web\filters\CFilterChain.php(131): CInlineFilter->filter(Object(CFilterChain))
#5 C:\xampp\htdocs\yii-blog\framework\web\CController.php(291): CFilterChain->run()
#6 C:\xampp\htdocs\yii-blog\framework\web\CController.php(265): CController->runActionWithFilters(Object(CInlineAction), Array)
#7 C:\xampp\htdocs\yii-blog\framework\web\CWebApplication.php(282): CController->run('delete')
#8 C:\xampp\htdocs\yii-blog\framework\web\CWebApplication.php(141): CWebApplication->runController('post/delete')
#9 C:\xampp\htdocs\yii-blog\framework\base\CApplication.php(185): CWebApplication->processRequest()
#10 C:\xampp\htdocs\yii-blog\blog-app\index.php(13): CApplication->run()
#11 {main}
REQUEST_URI=/yii-blog/blog-app/index.php?r=post/delete&id=38
HTTP_REFERER=http://localhost/yii-blog/blog-app/index.php?r=post/index
---
2025/02/22 17:05:39 [error] [exception.ParseError] ParseError: Unmatched '}' in C:\xampp\htdocs\yii-blog\blog-app\protected\views\post\_view.php:18
Stack trace:
#0 C:\xampp\htdocs\yii-blog\framework\web\CBaseController.php(95): CBaseController->renderInternal('C:\\xampp\\htdocs...', Array, false)
#1 C:\xampp\htdocs\yii-blog\framework\zii\widgets\CListView.php(291): CBaseController->renderFile('C:\\xampp\\htdocs...', Array)
#2 C:\xampp\htdocs\yii-blog\framework\zii\widgets\CBaseListView.php(181): CListView->renderItems()
#3 [internal function]: CBaseListView->renderSection(Array)
#4 C:\xampp\htdocs\yii-blog\framework\zii\widgets\CBaseListView.php(164): preg_replace_callback('/{(\\w+)}/', Array, '{summary}\n{sort...')
#5 C:\xampp\htdocs\yii-blog\framework\zii\widgets\CBaseListView.php(149): CBaseListView->renderContent()
#6 C:\xampp\htdocs\yii-blog\framework\web\CBaseController.php(182): CBaseListView->run()
#7 C:\xampp\htdocs\yii-blog\blog-app\protected\views\post\index.php(21): CBaseController->widget('zii.widgets.CLi...', Array)
#8 C:\xampp\htdocs\yii-blog\framework\web\CBaseController.php(126): require('C:\\xampp\\htdocs...')
#9 C:\xampp\htdocs\yii-blog\framework\web\CBaseController.php(95): CBaseController->renderInternal('C:\\xampp\\htdocs...', Array, true)
#10 C:\xampp\htdocs\yii-blog\framework\web\CController.php(872): CBaseController->renderFile('C:\\xampp\\htdocs...', Array, true)
#11 C:\xampp\htdocs\yii-blog\framework\web\CController.php(785): CController->renderPartial('index', Array, true)
#12 C:\xampp\htdocs\yii-blog\blog-app\protected\controllers\PostController.php(52): CController->render('index', Array)
#13 C:\xampp\htdocs\yii-blog\framework\web\actions\CInlineAction.php(49): PostController->actionIndex()
#14 C:\xampp\htdocs\yii-blog\framework\web\CController.php(308): CInlineAction->runWithParams(Array)
#15 C:\xampp\htdocs\yii-blog\framework\web\filters\CFilterChain.php(134): CController->runAction(Object(CInlineAction))
#16 C:\xampp\htdocs\yii-blog\framework\web\filters\CFilter.php(40): CFilterChain->run()
#17 C:\xampp\htdocs\yii-blog\framework\web\CController.php(1148): CFilter->filter(Object(CFilterChain))
#18 C:\xampp\htdocs\yii-blog\framework\web\filters\CInlineFilter.php(58): CController->filterAccessControl(Object(CFilterChain))
#19 C:\xampp\htdocs\yii-blog\framework\web\filters\CFilterChain.php(131): CInlineFilter->filter(Object(CFilterChain))
#20 C:\xampp\htdocs\yii-blog\framework\web\CController.php(291): CFilterChain->run()
#21 C:\xampp\htdocs\yii-blog\framework\web\CController.php(265): CController->runActionWithFilters(Object(CInlineAction), Array)
#22 C:\xampp\htdocs\yii-blog\framework\web\CWebApplication.php(282): CController->run('index')
#23 C:\xampp\htdocs\yii-blog\framework\web\CWebApplication.php(141): CWebApplication->runController('post/index')
#24 C:\xampp\htdocs\yii-blog\framework\base\CApplication.php(185): CWebApplication->processRequest()
#25 C:\xampp\htdocs\yii-blog\blog-app\index.php(13): CApplication->run()
#26 {main}
REQUEST_URI=/yii-blog/blog-app/index.php?r=post/index
HTTP_REFERER=http://localhost/yii-blog/blog-app/index.php?r=post/userPosts
---
2025/02/22 17:06:23 [warning] [application] Failed to set unsafe attribute "searchKeyword" of "Post".
in C:\xampp\htdocs\yii-blog\blog-app\protected\controllers\PostController.php (24)
in C:\xampp\htdocs\yii-blog\blog-app\index.php (13)
2025/02/22 17:54:37 [warning] [application] Failed to set unsafe attribute "searchKeyword" of "Post".
in C:\xampp\htdocs\yii-blog\blog-app\protected\controllers\PostController.php (24)
in C:\xampp\htdocs\yii-blog\blog-app\index.php (13)
2025/02/22 17:55:31 [warning] [application] Failed to set unsafe attribute "searchKeyword" of "Post".
in C:\xampp\htdocs\yii-blog\blog-app\protected\controllers\PostController.php (24)
in C:\xampp\htdocs\yii-blog\blog-app\index.php (13)
2025/02/22 17:55:59 [warning] [application] Failed to set unsafe attribute "searchKeyword" of "Post".
in C:\xampp\htdocs\yii-blog\blog-app\protected\controllers\PostController.php (24)
in C:\xampp\htdocs\yii-blog\blog-app\index.php (13)
2025/02/22 17:59:17 [warning] [application] Failed to set unsafe attribute "searchKeyword" of "Post".
in C:\xampp\htdocs\yii-blog\blog-app\protected\controllers\PostController.php (24)
in C:\xampp\htdocs\yii-blog\blog-app\index.php (13)
2025/02/22 18:00:31 [warning] [application] Failed to set unsafe attribute "searchKeyword" of "Post".
in C:\xampp\htdocs\yii-blog\blog-app\protected\controllers\PostController.php (24)
in C:\xampp\htdocs\yii-blog\blog-app\index.php (13)
2025/02/22 18:05:31 [error] [exception.ParseError] ParseError: syntax error, unexpected token "=" in C:\xampp\htdocs\yii-blog\blog-app\protected\controllers\PostController.php:37
Stack trace:
#0 C:\xampp\htdocs\yii-blog\framework\web\CWebApplication.php(276): CWebApplication->createController('index/')
#1 C:\xampp\htdocs\yii-blog\framework\web\CWebApplication.php(141): CWebApplication->runController('post/index')
#2 C:\xampp\htdocs\yii-blog\framework\base\CApplication.php(185): CWebApplication->processRequest()
#3 C:\xampp\htdocs\yii-blog\blog-app\index.php(13): CApplication->run()
#4 {main}
REQUEST_URI=/yii-blog/blog-app/index.php?r=post%2Findex&Post%5BsearchKeyword%5D=Ayaan&yt0=Search
HTTP_REFERER=http://localhost/yii-blog/blog-app/index.php?r=post/index
---
2025/02/22 18:09:00 [error] [system.db.CDbCommand] CDbCommand::fetchColumn() failed: SQLSTATE[HY093]: Invalid parameter number: number of bound variables does not match number of tokens. The SQL statement executed was: SELECT COUNT(*) FROM `post` `t` WHERE ((visibility = :visibility) AND (title LIKE :ycp0)) OR (content LIKE :ycp1).
in C:\xampp\htdocs\yii-blog\blog-app\protected\views\post\index.php (21)
in C:\xampp\htdocs\yii-blog\blog-app\protected\controllers\PostController.php (55)
in C:\xampp\htdocs\yii-blog\blog-app\index.php (13)
2025/02/22 18:09:00 [error] [exception.CDbException] CDbException: CDbCommand failed to execute the SQL statement: SQLSTATE[HY093]: Invalid parameter number: number of bound variables does not match number of tokens. The SQL statement executed was: SELECT COUNT(*) FROM `post` `t` WHERE ((visibility = :visibility) AND (title LIKE :ycp0)) OR (content LIKE :ycp1) in C:\xampp\htdocs\yii-blog\framework\db\CDbCommand.php:543
Stack trace:
#0 C:\xampp\htdocs\yii-blog\framework\db\CDbCommand.php(433): CDbCommand->queryInternal('fetchColumn', 0, Array)
#1 C:\xampp\htdocs\yii-blog\framework\db\ar\CActiveRecord.php(1609): CDbCommand->queryScalar()
#2 C:\xampp\htdocs\yii-blog\framework\web\CActiveDataProvider.php(228): CActiveRecord->count(Object(CDbCriteria))
#3 C:\xampp\htdocs\yii-blog\framework\web\CDataProvider.php(224): CActiveDataProvider->calculateTotalItemCount()
#4 C:\xampp\htdocs\yii-blog\framework\web\CActiveDataProvider.php(178): CDataProvider->getTotalItemCount()
#5 C:\xampp\htdocs\yii-blog\framework\web\CDataProvider.php(168): CActiveDataProvider->fetchData()
#6 C:\xampp\htdocs\yii-blog\framework\zii\widgets\CBaseListView.php(125): CDataProvider->getData()
#7 C:\xampp\htdocs\yii-blog\framework\zii\widgets\CListView.php(211): CBaseListView->init()
#8 C:\xampp\htdocs\yii-blog\framework\web\CBaseController.php(147): CListView->init()
#9 C:\xampp\htdocs\yii-blog\framework\web\CBaseController.php(181): CBaseController->createWidget('zii.widgets.CLi...', Array)
#10 C:\xampp\htdocs\yii-blog\blog-app\protected\views\post\index.php(21): CBaseController->widget('zii.widgets.CLi...', Array)
#11 C:\xampp\htdocs\yii-blog\framework\web\CBaseController.php(126): require('C:\\xampp\\htdocs...')
#12 C:\xampp\htdocs\yii-blog\framework\web\CBaseController.php(95): CBaseController->renderInternal('C:\\xampp\\htdocs...', Array, true)
#13 C:\xampp\htdocs\yii-blog\framework\web\CController.php(872): CBaseController->renderFile('C:\\xampp\\htdocs...', Array, true)
#14 C:\xampp\htdocs\yii-blog\framework\web\CController.php(785): CController->renderPartial('index', Array, true)
#15 C:\xampp\htdocs\yii-blog\blog-app\protected\controllers\PostController.php(55): CController->render('index', Array)
#16 C:\xampp\htdocs\yii-blog\framework\web\actions\CInlineAction.php(49): PostController->actionIndex()
#17 C:\xampp\htdocs\yii-blog\framework\web\CController.php(308): CInlineAction->runWithParams(Array)
#18 C:\xampp\htdocs\yii-blog\framework\web\filters\CFilterChain.php(134): CController->runAction(Object(CInlineAction))
#19 C:\xampp\htdocs\yii-blog\framework\web\filters\CFilter.php(40): CFilterChain->run()
#20 C:\xampp\htdocs\yii-blog\framework\web\CController.php(1148): CFilter->filter(Object(CFilterChain))
#21 C:\xampp\htdocs\yii-blog\framework\web\filters\CInlineFilter.php(58): CController->filterAccessControl(Object(CFilterChain))
#22 C:\xampp\htdocs\yii-blog\framework\web\filters\CFilterChain.php(131): CInlineFilter->filter(Object(CFilterChain))
#23 C:\xampp\htdocs\yii-blog\framework\web\CController.php(291): CFilterChain->run()
#24 C:\xampp\htdocs\yii-blog\framework\web\CController.php(265): CController->runActionWithFilters(Object(CInlineAction), Array)
#25 C:\xampp\htdocs\yii-blog\framework\web\CWebApplication.php(282): CController->run('index')
#26 C:\xampp\htdocs\yii-blog\framework\web\CWebApplication.php(141): CWebApplication->runController('post/index')
#27 C:\xampp\htdocs\yii-blog\framework\base\CApplication.php(185): CWebApplication->processRequest()
#28 C:\xampp\htdocs\yii-blog\blog-app\index.php(13): CApplication->run()
#29 {main}
REQUEST_URI=/yii-blog/blog-app/index.php?r=post%2Findex&Post%5BsearchKeyword%5D=Ayaan&yt0=Search
HTTP_REFERER=http://localhost/yii-blog/blog-app/index.php?r=post%2Findex&Post%5BsearchKeyword%5D=Ayaan&yt0=Search
---
2025/02/22 18:09:47 [error] [system.db.CDbCommand] CDbCommand::fetchColumn() failed: SQLSTATE[HY093]: Invalid parameter number: number of bound variables does not match number of tokens. The SQL statement executed was: SELECT COUNT(*) FROM `post` `t` WHERE ((visibility = :visibility OR) OR (title LIKE :ycp0)) OR (content LIKE :ycp1).
in C:\xampp\htdocs\yii-blog\blog-app\protected\views\post\index.php (21)
in C:\xampp\htdocs\yii-blog\blog-app\protected\controllers\PostController.php (55)
in C:\xampp\htdocs\yii-blog\blog-app\index.php (13)
2025/02/22 18:09:47 [error] [exception.CDbException] CDbException: CDbCommand failed to execute the SQL statement: SQLSTATE[HY093]: Invalid parameter number: number of bound variables does not match number of tokens. The SQL statement executed was: SELECT COUNT(*) FROM `post` `t` WHERE ((visibility = :visibility OR) OR (title LIKE :ycp0)) OR (content LIKE :ycp1) in C:\xampp\htdocs\yii-blog\framework\db\CDbCommand.php:543
Stack trace:
#0 C:\xampp\htdocs\yii-blog\framework\db\CDbCommand.php(433): CDbCommand->queryInternal('fetchColumn', 0, Array)
#1 C:\xampp\htdocs\yii-blog\framework\db\ar\CActiveRecord.php(1609): CDbCommand->queryScalar()
#2 C:\xampp\htdocs\yii-blog\framework\web\CActiveDataProvider.php(228): CActiveRecord->count(Object(CDbCriteria))
#3 C:\xampp\htdocs\yii-blog\framework\web\CDataProvider.php(224): CActiveDataProvider->calculateTotalItemCount()
#4 C:\xampp\htdocs\yii-blog\framework\web\CActiveDataProvider.php(178): CDataProvider->getTotalItemCount()
#5 C:\xampp\htdocs\yii-blog\framework\web\CDataProvider.php(168): CActiveDataProvider->fetchData()
#6 C:\xampp\htdocs\yii-blog\framework\zii\widgets\CBaseListView.php(125): CDataProvider->getData()
#7 C:\xampp\htdocs\yii-blog\framework\zii\widgets\CListView.php(211): CBaseListView->init()
#8 C:\xampp\htdocs\yii-blog\framework\web\CBaseController.php(147): CListView->init()
#9 C:\xampp\htdocs\yii-blog\framework\web\CBaseController.php(181): CBaseController->createWidget('zii.widgets.CLi...', Array)
#10 C:\xampp\htdocs\yii-blog\blog-app\protected\views\post\index.php(21): CBaseController->widget('zii.widgets.CLi...', Array)
#11 C:\xampp\htdocs\yii-blog\framework\web\CBaseController.php(126): require('C:\\xampp\\htdocs...')
#12 C:\xampp\htdocs\yii-blog\framework\web\CBaseController.php(95): CBaseController->renderInternal('C:\\xampp\\htdocs...', Array, true)
#13 C:\xampp\htdocs\yii-blog\framework\web\CController.php(872): CBaseController->renderFile('C:\\xampp\\htdocs...', Array, true)
#14 C:\xampp\htdocs\yii-blog\framework\web\CController.php(785): CController->renderPartial('index', Array, true)
#15 C:\xampp\htdocs\yii-blog\blog-app\protected\controllers\PostController.php(55): CController->render('index', Array)
#16 C:\xampp\htdocs\yii-blog\framework\web\actions\CInlineAction.php(49): PostController->actionIndex()
#17 C:\xampp\htdocs\yii-blog\framework\web\CController.php(308): CInlineAction->runWithParams(Array)
#18 C:\xampp\htdocs\yii-blog\framework\web\filters\CFilterChain.php(134): CController->runAction(Object(CInlineAction))
#19 C:\xampp\htdocs\yii-blog\framework\web\filters\CFilter.php(40): CFilterChain->run()
#20 C:\xampp\htdocs\yii-blog\framework\web\CController.php(1148): CFilter->filter(Object(CFilterChain))
#21 C:\xampp\htdocs\yii-blog\framework\web\filters\CInlineFilter.php(58): CController->filterAccessControl(Object(CFilterChain))
#22 C:\xampp\htdocs\yii-blog\framework\web\filters\CFilterChain.php(131): CInlineFilter->filter(Object(CFilterChain))
#23 C:\xampp\htdocs\yii-blog\framework\web\CController.php(291): CFilterChain->run()
#24 C:\xampp\htdocs\yii-blog\framework\web\CController.php(265): CController->runActionWithFilters(Object(CInlineAction), Array)
#25 C:\xampp\htdocs\yii-blog\framework\web\CWebApplication.php(282): CController->run('index')
#26 C:\xampp\htdocs\yii-blog\framework\web\CWebApplication.php(141): CWebApplication->runController('post/index')
#27 C:\xampp\htdocs\yii-blog\framework\base\CApplication.php(185): CWebApplication->processRequest()
#28 C:\xampp\htdocs\yii-blog\blog-app\index.php(13): CApplication->run()
#29 {main}
REQUEST_URI=/yii-blog/blog-app/index.php?r=post%2Findex&Post%5BsearchKeyword%5D=Ayaan&yt0=Search
HTTP_REFERER=http://localhost/yii-blog/blog-app/index.php?r=post%2Findex&Post%5BsearchKeyword%5D=Ayaan&yt0=Search
---
2025/02/22 18:09:53 [error] [system.db.CDbCommand] CDbCommand::fetchColumn() failed: SQLSTATE[HY093]: Invalid parameter number: number of bound variables does not match number of tokens. The SQL statement executed was: SELECT COUNT(*) FROM `post` `t` WHERE ((visibility = :visibility) OR (title LIKE :ycp0)) OR (content LIKE :ycp1).
in C:\xampp\htdocs\yii-blog\blog-app\protected\views\post\index.php (21)
in C:\xampp\htdocs\yii-blog\blog-app\protected\controllers\PostController.php (55)
in C:\xampp\htdocs\yii-blog\blog-app\index.php (13)
2025/02/22 18:09:53 [error] [exception.CDbException] CDbException: CDbCommand failed to execute the SQL statement: SQLSTATE[HY093]: Invalid parameter number: number of bound variables does not match number of tokens. The SQL statement executed was: SELECT COUNT(*) FROM `post` `t` WHERE ((visibility = :visibility) OR (title LIKE :ycp0)) OR (content LIKE :ycp1) in C:\xampp\htdocs\yii-blog\framework\db\CDbCommand.php:543
Stack trace:
#0 C:\xampp\htdocs\yii-blog\framework\db\CDbCommand.php(433): CDbCommand->queryInternal('fetchColumn', 0, Array)
#1 C:\xampp\htdocs\yii-blog\framework\db\ar\CActiveRecord.php(1609): CDbCommand->queryScalar()
#2 C:\xampp\htdocs\yii-blog\framework\web\CActiveDataProvider.php(228): CActiveRecord->count(Object(CDbCriteria))
#3 C:\xampp\htdocs\yii-blog\framework\web\CDataProvider.php(224): CActiveDataProvider->calculateTotalItemCount()
#4 C:\xampp\htdocs\yii-blog\framework\web\CActiveDataProvider.php(178): CDataProvider->getTotalItemCount()
#5 C:\xampp\htdocs\yii-blog\framework\web\CDataProvider.php(168): CActiveDataProvider->fetchData()
#6 C:\xampp\htdocs\yii-blog\framework\zii\widgets\CBaseListView.php(125): CDataProvider->getData()
#7 C:\xampp\htdocs\yii-blog\framework\zii\widgets\CListView.php(211): CBaseListView->init()
#8 C:\xampp\htdocs\yii-blog\framework\web\CBaseController.php(147): CListView->init()
#9 C:\xampp\htdocs\yii-blog\framework\web\CBaseController.php(181): CBaseController->createWidget('zii.widgets.CLi...', Array)
#10 C:\xampp\htdocs\yii-blog\blog-app\protected\views\post\index.php(21): CBaseController->widget('zii.widgets.CLi...', Array)
#11 C:\xampp\htdocs\yii-blog\framework\web\CBaseController.php(126): require('C:\\xampp\\htdocs...')
#12 C:\xampp\htdocs\yii-blog\framework\web\CBaseController.php(95): CBaseController->renderInternal('C:\\xampp\\htdocs...', Array, true)
#13 C:\xampp\htdocs\yii-blog\framework\web\CController.php(872): CBaseController->renderFile('C:\\xampp\\htdocs...', Array, true)
#14 C:\xampp\htdocs\yii-blog\framework\web\CController.php(785): CController->renderPartial('index', Array, true)
#15 C:\xampp\htdocs\yii-blog\blog-app\protected\controllers\PostController.php(55): CController->render('index', Array)
#16 C:\xampp\htdocs\yii-blog\framework\web\actions\CInlineAction.php(49): PostController->actionIndex()
#17 C:\xampp\htdocs\yii-blog\framework\web\CController.php(308): CInlineAction->runWithParams(Array)
#18 C:\xampp\htdocs\yii-blog\framework\web\filters\CFilterChain.php(134): CController->runAction(Object(CInlineAction))
#19 C:\xampp\htdocs\yii-blog\framework\web\filters\CFilter.php(40): CFilterChain->run()
#20 C:\xampp\htdocs\yii-blog\framework\web\CController.php(1148): CFilter->filter(Object(CFilterChain))
#21 C:\xampp\htdocs\yii-blog\framework\web\filters\CInlineFilter.php(58): CController->filterAccessControl(Object(CFilterChain))
#22 C:\xampp\htdocs\yii-blog\framework\web\filters\CFilterChain.php(131): CInlineFilter->filter(Object(CFilterChain))
#23 C:\xampp\htdocs\yii-blog\framework\web\CController.php(291): CFilterChain->run()
#24 C:\xampp\htdocs\yii-blog\framework\web\CController.php(265): CController->runActionWithFilters(Object(CInlineAction), Array)
#25 C:\xampp\htdocs\yii-blog\framework\web\CWebApplication.php(282): CController->run('index')
#26 C:\xampp\htdocs\yii-blog\framework\web\CWebApplication.php(141): CWebApplication->runController('post/index')
#27 C:\xampp\htdocs\yii-blog\framework\base\CApplication.php(185): CWebApplication->processRequest()
#28 C:\xampp\htdocs\yii-blog\blog-app\index.php(13): CApplication->run()
#29 {main}
REQUEST_URI=/yii-blog/blog-app/index.php?r=post%2Findex&Post%5BsearchKeyword%5D=Ayaan&yt0=Search
HTTP_REFERER=http://localhost/yii-blog/blog-app/index.php?r=post%2Findex&Post%5BsearchKeyword%5D=Ayaan&yt0=Search
---
2025/02/22 18:13:33 [error] [exception.CHttpException.403] CHttpException: You are not authorized to perform this action. in C:\xampp\htdocs\yii-blog\framework\web\auth\CAccessControlFilter.php:183
Stack trace:
#0 C:\xampp\htdocs\yii-blog\framework\web\auth\CAccessControlFilter.php(145): CAccessControlFilter->accessDenied(Object(CWebUser), 'You are not aut...')
#1 C:\xampp\htdocs\yii-blog\framework\web\filters\CFilter.php(38): CAccessControlFilter->preFilter(Object(CFilterChain))
#2 C:\xampp\htdocs\yii-blog\framework\web\CController.php(1148): CFilter->filter(Object(CFilterChain))
#3 C:\xampp\htdocs\yii-blog\framework\web\filters\CInlineFilter.php(58): CController->filterAccessControl(Object(CFilterChain))
#4 C:\xampp\htdocs\yii-blog\framework\web\filters\CFilterChain.php(131): CInlineFilter->filter(Object(CFilterChain))
#5 C:\xampp\htdocs\yii-blog\framework\web\CController.php(291): CFilterChain->run()
#6 C:\xampp\htdocs\yii-blog\framework\web\CController.php(265): CController->runActionWithFilters(Object(CInlineAction), Array)
#7 C:\xampp\htdocs\yii-blog\framework\web\CWebApplication.php(282): CController->run('update')
#8 C:\xampp\htdocs\yii-blog\framework\web\CWebApplication.php(141): CWebApplication->runController('post/update')
#9 C:\xampp\htdocs\yii-blog\framework\base\CApplication.php(185): CWebApplication->processRequest()
#10 C:\xampp\htdocs\yii-blog\blog-app\index.php(13): CApplication->run()
#11 {main}
REQUEST_URI=/yii-blog/blog-app/index.php?r=post/update&id=38
HTTP_REFERER=http://localhost/yii-blog/blog-app/index.php?r=post/view&id=38
---
2025/02/22 18:14:29 [error] [php] Undefined variable $data (C:\xampp\htdocs\yii-blog\blog-app\protected\views\post\view.php:25)
Stack trace:
#0 C:\xampp\htdocs\yii-blog\framework\web\CBaseController.php(126): require()
#1 C:\xampp\htdocs\yii-blog\framework\web\CBaseController.php(95): PostController->renderInternal()
#2 C:\xampp\htdocs\yii-blog\framework\web\CController.php(872): PostController->renderFile()
#3 C:\xampp\htdocs\yii-blog\framework\web\CController.php(785): PostController->renderPartial()
#4 C:\xampp\htdocs\yii-blog\blog-app\protected\controllers\PostController.php(61): PostController->render()
#5 unknown(0): PostController->actionView()
#6 C:\xampp\htdocs\yii-blog\framework\web\actions\CAction.php(114): ReflectionMethod->invokeArgs()
#7 C:\xampp\htdocs\yii-blog\framework\web\actions\CInlineAction.php(47): CInlineAction->runWithParamsInternal()
#8 C:\xampp\htdocs\yii-blog\framework\web\CController.php(308): CInlineAction->runWithParams()
#9 C:\xampp\htdocs\yii-blog\framework\web\filters\CFilterChain.php(134): PostController->runAction()
#10 C:\xampp\htdocs\yii-blog\framework\web\filters\CFilter.php(40): CFilterChain->run()
#11 C:\xampp\htdocs\yii-blog\framework\web\CController.php(1148): CAccessControlFilter->filter()
#12 C:\xampp\htdocs\yii-blog\framework\web\filters\CInlineFilter.php(58): PostController->filterAccessControl()
#13 C:\xampp\htdocs\yii-blog\framework\web\filters\CFilterChain.php(131): CInlineFilter->filter()
#14 C:\xampp\htdocs\yii-blog\framework\web\CController.php(291): CFilterChain->run()
#15 C:\xampp\htdocs\yii-blog\framework\web\CController.php(265): PostController->runActionWithFilters()
#16 C:\xampp\htdocs\yii-blog\framework\web\CWebApplication.php(282): PostController->run()
#17 C:\xampp\htdocs\yii-blog\framework\web\CWebApplication.php(141): CWebApplication->runController()
#18 C:\xampp\htdocs\yii-blog\framework\base\CApplication.php(185): CWebApplication->processRequest()
#19 C:\xampp\htdocs\yii-blog\blog-app\index.php(13): CWebApplication->run()
REQUEST_URI=/yii-blog/blog-app/index.php?r=post/view&id=38
in C:\xampp\htdocs\yii-blog\blog-app\protected\views\post\view.php (25)
in C:\xampp\htdocs\yii-blog\blog-app\protected\controllers\PostController.php (61)
in C:\xampp\htdocs\yii-blog\blog-app\index.php (13)
2025/02/23 09:16:46 [error] [exception.CDbException] CDbException: CDbConnection failed to open the DB connection: SQLSTATE[HY000] [1130] Host 'localhost' is not allowed to connect to this MariaDB server in C:\xampp\htdocs\yii-blog\framework\db\CDbConnection.php:399
Stack trace:
#0 C:\xampp\htdocs\yii-blog\framework\db\CDbConnection.php(347): CDbConnection->open()
#1 C:\xampp\htdocs\yii-blog\framework\db\CDbConnection.php(325): CDbConnection->setActive(true)
#2 C:\xampp\htdocs\yii-blog\framework\base\CModule.php(394): CDbConnection->init()
#3 C:\xampp\htdocs\yii-blog\framework\base\CApplication.php(459): CModule->getComponent('db')
#4 C:\xampp\htdocs\yii-blog\framework\db\ar\CActiveRecord.php(639): CApplication->getDb()
#5 C:\xampp\htdocs\yii-blog\framework\db\ar\CActiveRecord.php(2390): CActiveRecord->getDbConnection()
#6 C:\xampp\htdocs\yii-blog\framework\db\ar\CActiveRecord.php(413): CActiveRecordMetaData->__construct(Object(Post))
#7 C:\xampp\htdocs\yii-blog\framework\db\ar\CActiveRecord.php(79): CActiveRecord->getMetaData()
#8 C:\xampp\htdocs\yii-blog\blog-app\protected\controllers\PostController.php(20): CActiveRecord->__construct('search')
#9 C:\xampp\htdocs\yii-blog\framework\web\actions\CInlineAction.php(49): PostController->actionIndex()
#10 C:\xampp\htdocs\yii-blog\framework\web\CController.php(308): CInlineAction->runWithParams(Array)
#11 C:\xampp\htdocs\yii-blog\framework\web\filters\CFilterChain.php(134): CController->runAction(Object(CInlineAction))
#12 C:\xampp\htdocs\yii-blog\framework\web\filters\CFilter.php(40): CFilterChain->run()
#13 C:\xampp\htdocs\yii-blog\framework\web\CController.php(1148): CFilter->filter(Object(CFilterChain))
#14 C:\xampp\htdocs\yii-blog\framework\web\filters\CInlineFilter.php(58): CController->filterAccessControl(Object(CFilterChain))
#15 C:\xampp\htdocs\yii-blog\framework\web\filters\CFilterChain.php(131): CInlineFilter->filter(Object(CFilterChain))
#16 C:\xampp\htdocs\yii-blog\framework\web\CController.php(291): CFilterChain->run()
#17 C:\xampp\htdocs\yii-blog\framework\web\CController.php(265): CController->runActionWithFilters(Object(CInlineAction), Array)
#18 C:\xampp\htdocs\yii-blog\framework\web\CWebApplication.php(282): CController->run('index')
#19 C:\xampp\htdocs\yii-blog\framework\web\CWebApplication.php(141): CWebApplication->runController('post/index')
#20 C:\xampp\htdocs\yii-blog\framework\base\CApplication.php(185): CWebApplication->processRequest()
#21 C:\xampp\htdocs\yii-blog\blog-app\index.php(13): CApplication->run()
#22 {main}
REQUEST_URI=/yii-blog/blog-app/index.php?r=post/index
---
2025/02/23 09:17:06 [error] [exception.CDbException] CDbException: CDbConnection failed to open the DB connection: SQLSTATE[HY000] [1130] Host 'localhost' is not allowed to connect to this MariaDB server in C:\xampp\htdocs\yii-blog\framework\db\CDbConnection.php:399
Stack trace:
#0 C:\xampp\htdocs\yii-blog\framework\db\CDbConnection.php(347): CDbConnection->open()
#1 C:\xampp\htdocs\yii-blog\framework\db\CDbConnection.php(325): CDbConnection->setActive(true)
#2 C:\xampp\htdocs\yii-blog\framework\base\CModule.php(394): CDbConnection->init()
#3 C:\xampp\htdocs\yii-blog\framework\base\CApplication.php(459): CModule->getComponent('db')
#4 C:\xampp\htdocs\yii-blog\framework\db\ar\CActiveRecord.php(639): CApplication->getDb()
#5 C:\xampp\htdocs\yii-blog\framework\db\ar\CActiveRecord.php(1436): CActiveRecord->getDbConnection()
#6 C:\xampp\htdocs\yii-blog\framework\db\ar\CActiveRecord.php(1525): CActiveRecord->getTableAlias(true)
#7 C:\xampp\htdocs\yii-blog\blog-app\protected\models\User.php(45): CActiveRecord->findByAttributes(Array)
#8 C:\xampp\htdocs\yii-blog\blog-app\protected\models\LoginForm.php(49): User::findByEmail('sananasirshaikh...')
#9 C:\xampp\htdocs\yii-blog\framework\validators\CInlineValidator.php(42): LoginForm->authenticate('password', Array)
#10 C:\xampp\htdocs\yii-blog\framework\validators\CValidator.php(201): CInlineValidator->validateAttribute(Object(LoginForm), 'password')
#11 C:\xampp\htdocs\yii-blog\framework\base\CModel.php(159): CValidator->validate(Object(LoginForm), Array)
#12 C:\xampp\htdocs\yii-blog\blog-app\protected\controllers\SiteController.php(112): CModel->validate()
#13 C:\xampp\htdocs\yii-blog\framework\web\actions\CInlineAction.php(49): SiteController->actionLogin()
#14 C:\xampp\htdocs\yii-blog\framework\web\CController.php(308): CInlineAction->runWithParams(Array)
#15 C:\xampp\htdocs\yii-blog\framework\web\CController.php(286): CController->runAction(Object(CInlineAction))
#16 C:\xampp\htdocs\yii-blog\framework\web\CController.php(265): CController->runActionWithFilters(Object(CInlineAction), Array)
#17 C:\xampp\htdocs\yii-blog\framework\web\CWebApplication.php(282): CController->run('login')
#18 C:\xampp\htdocs\yii-blog\framework\web\CWebApplication.php(141): CWebApplication->runController('site/login')
#19 C:\xampp\htdocs\yii-blog\framework\base\CApplication.php(185): CWebApplication->processRequest()
#20 C:\xampp\htdocs\yii-blog\blog-app\index.php(13): CApplication->run()
#21 {main}
REQUEST_URI=/yii-blog/blog-app/index.php?r=site/login
HTTP_REFERER=http://localhost/yii-blog/blog-app/index.php?r=site/login
---
2025/02/23 09:18:05 [error] [exception.CDbException] CDbException: CDbConnection failed to open the DB connection: SQLSTATE[HY000] [1130] Host 'localhost' is not allowed to connect to this MariaDB server in C:\xampp\htdocs\yii-blog\framework\db\CDbConnection.php:399
Stack trace:
#0 C:\xampp\htdocs\yii-blog\framework\db\CDbConnection.php(347): CDbConnection->open()
#1 C:\xampp\htdocs\yii-blog\framework\db\CDbConnection.php(325): CDbConnection->setActive(true)
#2 C:\xampp\htdocs\yii-blog\framework\base\CModule.php(394): CDbConnection->init()
#3 C:\xampp\htdocs\yii-blog\framework\base\CApplication.php(459): CModule->getComponent('db')
#4 C:\xampp\htdocs\yii-blog\framework\db\ar\CActiveRecord.php(639): CApplication->getDb()
#5 C:\xampp\htdocs\yii-blog\framework\db\ar\CActiveRecord.php(1436): CActiveRecord->getDbConnection()
#6 C:\xampp\htdocs\yii-blog\framework\db\ar\CActiveRecord.php(1525): CActiveRecord->getTableAlias(true)
#7 C:\xampp\htdocs\yii-blog\blog-app\protected\models\User.php(45): CActiveRecord->findByAttributes(Array)
#8 C:\xampp\htdocs\yii-blog\blog-app\protected\models\LoginForm.php(49): User::findByEmail('sananasirshaikh...')
#9 C:\xampp\htdocs\yii-blog\framework\validators\CInlineValidator.php(42): LoginForm->authenticate('password', Array)
#10 C:\xampp\htdocs\yii-blog\framework\validators\CValidator.php(201): CInlineValidator->validateAttribute(Object(LoginForm), 'password')
#11 C:\xampp\htdocs\yii-blog\framework\base\CModel.php(159): CValidator->validate(Object(LoginForm), Array)
#12 C:\xampp\htdocs\yii-blog\blog-app\protected\controllers\SiteController.php(112): CModel->validate()
#13 C:\xampp\htdocs\yii-blog\framework\web\actions\CInlineAction.php(49): SiteController->actionLogin()
#14 C:\xampp\htdocs\yii-blog\framework\web\CController.php(308): CInlineAction->runWithParams(Array)
#15 C:\xampp\htdocs\yii-blog\framework\web\CController.php(286): CController->runAction(Object(CInlineAction))
#16 C:\xampp\htdocs\yii-blog\framework\web\CController.php(265): CController->runActionWithFilters(Object(CInlineAction), Array)
#17 C:\xampp\htdocs\yii-blog\framework\web\CWebApplication.php(282): CController->run('login')
#18 C:\xampp\htdocs\yii-blog\framework\web\CWebApplication.php(141): CWebApplication->runController('site/login')
#19 C:\xampp\htdocs\yii-blog\framework\base\CApplication.php(185): CWebApplication->processRequest()
#20 C:\xampp\htdocs\yii-blog\blog-app\index.php(13): CApplication->run()
#21 {main}
REQUEST_URI=/yii-blog/blog-app/index.php?r=site/login
HTTP_REFERER=http://localhost/yii-blog/blog-app/index.php?r=site/login
---
